<?xml version="1.0" encoding="UTF-8" ?>
<testsuites name="vitest tests" tests="2" failures="0" errors="0" time="0.116398566">
    <testsuite name="test/app.test.ts" timestamp="2026-05-22T07:45:22.836Z" hostname="runnervmrw5os" tests="2" failures="0" errors="0" skipped="0" time="0.116398566">
        <testcase classname="test/app.test.ts" name="Fastify app &gt; GET /health returns ok status" time="0.110599439">
        </testcase>
        <testcase classname="test/app.test.ts" name="Fastify app &gt; GET / returns app message and version" time="0.003631071">
        </testcase>
    </testsuite>
</testsuites>
